[0725/002315:ERROR:process_info.cc(608)] range at 0xff859000, size 0x230 fully unreadable
[0725/002316:ERROR:process_reader_win.cc(232)] ReadMemory at 0xff859000 of 560 bytes failed: Only part of a ReadProcessMemory or WriteProcessMemory request was completed. (0x12B)
[0725/002316:ERROR:process_snapshot_win.cc(349)] ReadMemory PEB
[0725/002316:ERROR:process_reader_win.cc(232)] ReadMemory at 0xf90000 of 64 bytes failed: Only part of a ReadProcessMemory or WriteProcessMemory request was completed. (0x12B)
[0725/002316:WARNING:pe_image_reader.cc(280)] could not read dos header from C:\Program Files (x86)\Google\Chrome\Application\chrome.exe
[0725/002316:ERROR:process_reader_win.cc(232)] ReadMemory at 0x77800000 of 64 bytes failed: Only part of a ReadProcessMemory or WriteProcessMemory request was completed. (0x12B)
[0725/002316:WARNING:pe_image_reader.cc(280)] could not read dos header from C:\Windows\SYSTEM32\ntdll.dll
[0725/002316:ERROR:process_reader_win.cc(232)] ReadMemory at 0x774d0000 of 64 bytes failed: Only part of a ReadProcessMemory or WriteProcessMemory request was completed. (0x12B)
[0725/002316:WARNING:pe_image_reader.cc(280)] could not read dos header from C:\Windows\SYSTEM32\KERNELBASE.dll
[0725/002316:ERROR:process_reader_win.cc(232)] ReadMemory at 0x76c60000 of 64 bytes failed: Only part of a ReadProcessMemory or WriteProcessMemory request was completed. (0x12B)
[0725/002316:WARNING:pe_image_reader.cc(280)] could not read dos header from C:\Windows\SYSTEM32\KERNEL32.DLL
[0725/002316:ERROR:process_reader_win.cc(232)] ReadMemory at 0x759d0000 of 64 bytes failed: Only part of a ReadProcessMemory or WriteProcessMemory request was completed. (0x12B)
[0725/002316:WARNING:pe_image_reader.cc(280)] could not read dos header from C:\Windows\SYSTEM32\msvcrt.dll
[0725/002316:ERROR:process_reader_win.cc(232)] ReadMemory at 0x751c0000 of 64 bytes failed: Only part of a ReadProcessMemory or WriteProcessMemory request was completed. (0x12B)
[0725/002316:WARNING:pe_image_reader.cc(280)] could not read dos header from C:\Windows\SYSTEM32\bcryptPrimitives.dll
[0725/002316:ERROR:process_reader_win.cc(232)] ReadMemory at 0x75220000 of 64 bytes failed: Only part of a ReadProcessMemory or WriteProcessMemory request was completed. (0x12B)
[0725/002316:WARNING:pe_image_reader.cc(280)] could not read dos header from C:\Windows\SYSTEM32\CRYPTBASE.dll
[0725/002316:ERROR:process_reader_win.cc(232)] ReadMemory at 0x75230000 of 64 bytes failed: Only part of a ReadProcessMemory or WriteProcessMemory request was completed. (0x12B)
[0725/002316:WARNING:pe_image_reader.cc(280)] could not read dos header from C:\Windows\SYSTEM32\SspiCli.dll
[0725/002316:ERROR:process_reader_win.cc(232)] ReadMemory at 0x77120000 of 64 bytes failed: Only part of a ReadProcessMemory or WriteProcessMemory request was completed. (0x12B)
[0725/002316:WARNING:pe_image_reader.cc(280)] could not read dos header from C:\Windows\SYSTEM32\RPCRT4.dll
[0725/002316:ERROR:process_reader_win.cc(232)] ReadMemory at 0x75510000 of 64 bytes failed: Only part of a ReadProcessMemory or WriteProcessMemory request was completed. (0x12B)
[0725/002316:WARNING:pe_image_reader.cc(280)] could not read dos header from C:\Windows\SYSTEM32\sechost.dll
[0725/002316:ERROR:process_reader_win.cc(232)] ReadMemory at 0x75430000 of 64 bytes failed: Only part of a ReadProcessMemory or WriteProcessMemory request was completed. (0x12B)
[0725/002316:WARNING:pe_image_reader.cc(280)] could not read dos header from C:\Windows\SYSTEM32\ADVAPI32.dll
[0725/002316:ERROR:process_reader_win.cc(232)] ReadMemory at 0x74b00000 of 64 bytes failed: Only part of a ReadProcessMemory or WriteProcessMemory request was completed. (0x12B)
[0725/002316:WARNING:pe_image_reader.cc(280)] could not read dos header from C:\Program Files (x86)\Google\Chrome\Application\51.0.2704.103\chrome_elf.dll
[0725/002316:ERROR:process_reader_win.cc(232)] ReadMemory at 0x74110000 of 64 bytes failed: Only part of a ReadProcessMemory or WriteProcessMemory request was completed. (0x12B)
[0725/002316:WARNING:pe_image_reader.cc(280)] could not read dos header from C:\Windows\SYSTEM32\VERSION.dll
[0725/002316:ERROR:process_reader_win.cc(232)] ReadMemory at 0x75990000 of 64 bytes failed: Only part of a ReadProcessMemory or WriteProcessMemory request was completed. (0x12B)
[0725/002316:WARNING:pe_image_reader.cc(280)] could not read dos header from C:\Windows\SYSTEM32\cfgmgr32.dll
[0725/002316:ERROR:process_reader_win.cc(232)] ReadMemory at 0x74060000 of 64 bytes failed: Only part of a ReadProcessMemory or WriteProcessMemory request was completed. (0x12B)
[0725/002316:WARNING:pe_image_reader.cc(280)] could not read dos header from C:\Windows\SYSTEM32\DEVOBJ.dll
[0725/002316:ERROR:process_reader_win.cc(232)] ReadMemory at 0x74080000 of 64 bytes failed: Only part of a ReadProcessMemory or WriteProcessMemory request was completed. (0x12B)
[0725/002316:WARNING:pe_image_reader.cc(280)] could not read dos header from C:\Windows\SYSTEM32\WINMMBASE.dll
[0725/002316:ERROR:process_reader_win.cc(232)] ReadMemory at 0x75880000 of 64 bytes failed: Only part of a ReadProcessMemory or WriteProcessMemory request was completed. (0x12B)
[0725/002316:WARNING:pe_image_reader.cc(280)] could not read dos header from C:\Windows\SYSTEM32\GDI32.dll
[0725/002316:ERROR:process_reader_win.cc(232)] ReadMemory at 0x756a0000 of 64 bytes failed: Only part of a ReadProcessMemory or WriteProcessMemory request was completed. (0x12B)
[0725/002316:WARNING:pe_image_reader.cc(280)] could not read dos header from C:\Windows\SYSTEM32\USER32.dll
[0725/002316:ERROR:process_reader_win.cc(232)] ReadMemory at 0x75550000 of 64 bytes failed: Only part of a ReadProcessMemory or WriteProcessMemory request was completed. (0x12B)
[0725/002316:WARNING:pe_image_reader.cc(280)] could not read dos header from C:\Windows\SYSTEM32\MSCTF.dll
[0725/002316:ERROR:process_reader_win.cc(232)] ReadMemory at 0x76da0000 of 64 bytes failed: Only part of a ReadProcessMemory or WriteProcessMemory request was completed. (0x12B)
[0725/002316:WARNING:pe_image_reader.cc(280)] could not read dos header from C:\Windows\system32\IMM32.DLL
[0725/002316:ERROR:process_reader_win.cc(232)] ReadMemory at 0x74120000 of 64 bytes failed: Only part of a ReadProcessMemory or WriteProcessMemory request was completed. (0x12B)
[0725/002316:WARNING:pe_image_reader.cc(280)] could not read dos header from C:\Windows\SYSTEM32\WINMM.dll
[0725/002316:ERROR:process_reader_win.cc(232)] ReadMemory at 0x74c70000 of 64 bytes failed: Only part of a ReadProcessMemory or WriteProcessMemory request was completed. (0x12B)
[0725/002316:WARNING:pe_image_reader.cc(280)] could not read dos header from C:\Windows\SYSTEM32\profapi.dll
[0725/002316:ERROR:process_reader_win.cc(232)] ReadMemory at 0x740f0000 of 64 bytes failed: Only part of a ReadProcessMemory or WriteProcessMemory request was completed. (0x12B)
[0725/002316:WARNING:pe_image_reader.cc(280)] could not read dos header from C:\Windows\SYSTEM32\USERENV.dll
[0725/002316:ERROR:process_reader_win.cc(232)] ReadMemory at 0x74af0000 of 64 bytes failed: Only part of a ReadProcessMemory or WriteProcessMemory request was completed. (0x12B)
[0725/002316:WARNING:pe_image_reader.cc(280)] could not read dos header from C:\Windows\SYSTEM32\WTSAPI32.dll
[0725/002316:ERROR:process_reader_win.cc(232)] ReadMemory at 0x775e0000 of 64 bytes failed: Only part of a ReadProcessMemory or WriteProcessMemory request was completed. (0x12B)
[0725/002316:WARNING:pe_image_reader.cc(280)] could not read dos header from C:\Windows\SYSTEM32\combase.dll
[0725/002316:ERROR:process_reader_win.cc(232)] ReadMemory at 0x748f0000 of 64 bytes failed: Only part of a ReadProcessMemory or WriteProcessMemory request was completed. (0x12B)
[0725/002316:WARNING:pe_image_reader.cc(280)] could not read dos header from C:\Windows\SYSTEM32\WINHTTP.dll
[0725/002316:ERROR:process_reader_win.cc(232)] ReadMemory at 0x75650000 of 64 bytes failed: Only part of a ReadProcessMemory or WriteProcessMemory request was completed. (0x12B)
[0725/002316:WARNING:pe_image_reader.cc(280)] could not read dos header from C:\Windows\SYSTEM32\SHLWAPI.dll
[0725/002316:ERROR:process_reader_win.cc(232)] ReadMemory at 0x75a90000 of 64 bytes failed: Only part of a ReadProcessMemory or WriteProcessMemory request was completed. (0x12B)
[0725/002316:WARNING:pe_image_reader.cc(280)] could not read dos header from C:\Windows\SYSTEM32\SHELL32.dll
[0725/002316:ERROR:process_reader_win.cc(232)] ReadMemory at 0x74e90000 of 64 bytes failed: Only part of a ReadProcessMemory or WriteProcessMemory request was completed. (0x12B)
[0725/002316:WARNING:pe_image_reader.cc(280)] could not read dos header from C:\Windows\SYSTEM32\shcore.dll
[0725/002316:ERROR:process_reader_win.cc(232)] ReadMemory at 0x75870000 of 64 bytes failed: Only part of a ReadProcessMemory or WriteProcessMemory request was completed. (0x12B)
[0725/002316:WARNING:pe_image_reader.cc(280)] could not read dos header from C:\Windows\SYSTEM32\PSAPI.DLL
[0725/002316:ERROR:process_reader_win.cc(232)] ReadMemory at 0x73590000 of 64 bytes failed: Only part of a ReadProcessMemory or WriteProcessMemory request was completed. (0x12B)
[0725/002316:WARNING:pe_image_reader.cc(280)] could not read dos header from C:\Windows\SYSTEM32\WINSPOOL.DRV
[0725/002316:ERROR:process_reader_win.cc(232)] ReadMemory at 0x74f10000 of 64 bytes failed: Only part of a ReadProcessMemory or WriteProcessMemory request was completed. (0x12B)
[0725/002316:WARNING:pe_image_reader.cc(280)] could not read dos header from C:\Windows\WinSxS\x86_microsoft.windows.common-controls_6595b64144ccf1df_6.0.9600.16384_none_a9f4965301334e09\COMCTL32.dll
[0725/002316:ERROR:process_reader_win.cc(232)] ReadMemory at 0x753a0000 of 64 bytes failed: Only part of a ReadProcessMemory or WriteProcessMemory request was completed. (0x12B)
[0725/002316:WARNING:pe_image_reader.cc(280)] could not read dos header from C:\Windows\SYSTEM32\COMDLG32.dll
[0725/002316:ERROR:process_reader_win.cc(232)] ReadMemory at 0x77230000 of 64 bytes failed: Only part of a ReadProcessMemory or WriteProcessMemory request was completed. (0x12B)
[0725/002316:WARNING:pe_image_reader.cc(280)] could not read dos header from C:\Windows\SYSTEM32\ole32.dll
[0725/002316:ERROR:process_reader_win.cc(232)] ReadMemory at 0x76e20000 of 64 bytes failed: Only part of a ReadProcessMemory or WriteProcessMemory request was completed. (0x12B)
[0725/002316:WARNING:pe_image_reader.cc(280)] could not read dos header from C:\Windows\SYSTEM32\OLEAUT32.dll
[0725/002316:ERROR:process_reader_win.cc(232)] ReadMemory at 0x76f60000 of 64 bytes failed: Only part of a ReadProcessMemory or WriteProcessMemory request was completed. (0x12B)
[0725/002316:WARNING:pe_image_reader.cc(280)] could not read dos header from C:\Windows\SYSTEM32\NSI.dll
[0725/002316:ERROR:process_reader_win.cc(232)] ReadMemory at 0x748c0000 of 64 bytes failed: Only part of a ReadProcessMemory or WriteProcessMemory request was completed. (0x12B)
[0725/002316:WARNING:pe_image_reader.cc(280)] could not read dos header from C:\Windows\SYSTEM32\WINNSI.DLL
[0725/002316:ERROR:process_reader_win.cc(232)] ReadMemory at 0x748d0000 of 64 bytes failed: Only part of a ReadProcessMemory or WriteProcessMemory request was completed. (0x12B)
[0725/002316:WARNING:pe_image_reader.cc(280)] could not read dos header from C:\Windows\SYSTEM32\IPHLPAPI.DLL
[0725/002316:ERROR:process_reader_win.cc(232)] ReadMemory at 0x76dd0000 of 64 bytes failed: Only part of a ReadProcessMemory or WriteProcessMemory request was completed. (0x12B)
[0725/002316:WARNING:pe_image_reader.cc(280)] could not read dos header from C:\Windows\SYSTEM32\WS2_32.dll
[0725/002316:ERROR:process_reader_win.cc(232)] ReadMemory at 0x74ad0000 of 64 bytes failed: Only part of a ReadProcessMemory or WriteProcessMemory request was completed. (0x12B)
[0725/002316:WARNING:pe_image_reader.cc(280)] could not read dos header from C:\Windows\SYSTEM32\USP10.dll
[0725/002316:ERROR:process_reader_win.cc(232)] ReadMemory at 0x76c40000 of 64 bytes failed: Only part of a ReadProcessMemory or WriteProcessMemory request was completed. (0x12B)
[0725/002316:WARNING:pe_image_reader.cc(280)] could not read dos header from C:\Windows\SYSTEM32\MSASN1.dll
[0725/002316:ERROR:process_reader_win.cc(232)] ReadMemory at 0x77350000 of 64 bytes failed: Only part of a ReadProcessMemory or WriteProcessMemory request was completed. (0x12B)
[0725/002316:WARNING:pe_image_reader.cc(280)] could not read dos header from C:\Windows\SYSTEM32\CRYPT32.dll
[0725/002316:ERROR:process_reader_win.cc(232)] ReadMemory at 0x775a0000 of 64 bytes failed: Only part of a ReadProcessMemory or WriteProcessMemory request was completed. (0x12B)
[0725/002316:WARNING:pe_image_reader.cc(280)] could not read dos header from C:\Windows\SYSTEM32\WINTRUST.dll
[0725/002316:ERROR:process_reader_win.cc(232)] ReadMemory at 0x74160000 of 64 bytes failed: Only part of a ReadProcessMemory or WriteProcessMemory request was completed. (0x12B)
[0725/002316:WARNING:pe_image_reader.cc(280)] could not read dos header from C:\Windows\SYSTEM32\Secur32.dll
[0725/002316:ERROR:process_reader_win.cc(232)] ReadMemory at 0x6b990000 of 64 bytes failed: Only part of a ReadProcessMemory or WriteProcessMemory request was completed. (0x12B)
[0725/002316:WARNING:pe_image_reader.cc(280)] could not read dos header from C:\Program Files (x86)\Google\Chrome\Application\51.0.2704.103\chrome_child.dll
[0725/002316:ERROR:process_reader_win.cc(232)] ReadMemory at 0x730c0000 of 64 bytes failed: Only part of a ReadProcessMemory or WriteProcessMemory request was completed. (0x12B)
[0725/002316:WARNING:pe_image_reader.cc(280)] could not read dos header from C:\Windows\SYSTEM32\dwrite.dll
[0725/002316:ERROR:process_reader_win.cc(232)] ReadMemory at 0x778fc860 of 5888 bytes failed: Only part of a ReadProcessMemory or WriteProcessMemory request was completed. (0x12B)
[0725/002316:ERROR:process_reader_win.cc(232)] ReadMemory at 0xf90000 of 64 bytes failed: Only part of a ReadProcessMemory or WriteProcessMemory request was completed. (0x12B)
[0725/002316:WARNING:pe_image_reader.cc(280)] could not read dos header from C:\Program Files (x86)\Google\Chrome\Application\chrome.exe
[0725/002316:ERROR:process_reader_win.cc(232)] ReadMemory at 0x77800000 of 64 bytes failed: Only part of a ReadProcessMemory or WriteProcessMemory request was completed. (0x12B)
[0725/002316:WARNING:pe_image_reader.cc(280)] could not read dos header from C:\Windows\SYSTEM32\ntdll.dll
[0725/002316:ERROR:process_reader_win.cc(232)] ReadMemory at 0x774d0000 of 64 bytes failed: Only part of a ReadProcessMemory or WriteProcessMemory request was completed. (0x12B)
[0725/002316:WARNING:pe_image_reader.cc(280)] could not read dos header from C:\Windows\SYSTEM32\KERNELBASE.dll
[0725/002316:ERROR:process_reader_win.cc(232)] ReadMemory at 0x76c60000 of 64 bytes failed: Only part of a ReadProcessMemory or WriteProcessMemory request was completed. (0x12B)
[0725/002316:WARNING:pe_image_reader.cc(280)] could not read dos header from C:\Windows\SYSTEM32\KERNEL32.DLL
[0725/002316:ERROR:process_reader_win.cc(232)] ReadMemory at 0x759d0000 of 64 bytes failed: Only part of a ReadProcessMemory or WriteProcessMemory request was completed. (0x12B)
[0725/002316:WARNING:pe_image_reader.cc(280)] could not read dos header from C:\Windows\SYSTEM32\msvcrt.dll
[0725/002316:ERROR:process_reader_win.cc(232)] ReadMemory at 0x751c0000 of 64 bytes failed: Only part of a ReadProcessMemory or WriteProcessMemory request was completed. (0x12B)
[0725/002316:WARNING:pe_image_reader.cc(280)] could not read dos header from C:\Windows\SYSTEM32\bcryptPrimitives.dll
[0725/002316:ERROR:process_reader_win.cc(232)] ReadMemory at 0x75220000 of 64 bytes failed: Only part of a ReadProcessMemory or WriteProcessMemory request was completed. (0x12B)
[0725/002316:WARNING:pe_image_reader.cc(280)] could not read dos header from C:\Windows\SYSTEM32\CRYPTBASE.dll
[0725/002316:ERROR:process_reader_win.cc(232)] ReadMemory at 0x75230000 of 64 bytes failed: Only part of a ReadProcessMemory or WriteProcessMemory request was completed. (0x12B)
[0725/002316:WARNING:pe_image_reader.cc(280)] could not read dos header from C:\Windows\SYSTEM32\SspiCli.dll
[0725/002316:ERROR:process_reader_win.cc(232)] ReadMemory at 0x77120000 of 64 bytes failed: Only part of a ReadProcessMemory or WriteProcessMemory request was completed. (0x12B)
[0725/002316:WARNING:pe_image_reader.cc(280)] could not read dos header from C:\Windows\SYSTEM32\RPCRT4.dll
[0725/002316:ERROR:process_reader_win.cc(232)] ReadMemory at 0x75510000 of 64 bytes failed: Only part of a ReadProcessMemory or WriteProcessMemory request was completed. (0x12B)
[0725/002316:WARNING:pe_image_reader.cc(280)] could not read dos header from C:\Windows\SYSTEM32\sechost.dll
[0725/002316:ERROR:process_reader_win.cc(232)] ReadMemory at 0x75430000 of 64 bytes failed: Only part of a ReadProcessMemory or WriteProcessMemory request was completed. (0x12B)
[0725/002316:WARNING:pe_image_reader.cc(280)] could not read dos header from C:\Windows\SYSTEM32\ADVAPI32.dll
[0725/002316:ERROR:process_reader_win.cc(232)] ReadMemory at 0x74b00000 of 64 bytes failed: Only part of a ReadProcessMemory or WriteProcessMemory request was completed. (0x12B)
[0725/002316:WARNING:pe_image_reader.cc(280)] could not read dos header from C:\Program Files (x86)\Google\Chrome\Application\51.0.2704.103\chrome_elf.dll
[0725/002316:ERROR:process_reader_win.cc(232)] ReadMemory at 0x74110000 of 64 bytes failed: Only part of a ReadProcessMemory or WriteProcessMemory request was completed. (0x12B)
[0725/002316:WARNING:pe_image_reader.cc(280)] could not read dos header from C:\Windows\SYSTEM32\VERSION.dll
[0725/002316:ERROR:process_reader_win.cc(232)] ReadMemory at 0x75990000 of 64 bytes failed: Only part of a ReadProcessMemory or WriteProcessMemory request was completed. (0x12B)
[0725/002316:WARNING:pe_image_reader.cc(280)] could not read dos header from C:\Windows\SYSTEM32\cfgmgr32.dll
[0725/002316:ERROR:process_reader_win.cc(232)] ReadMemory at 0x74060000 of 64 bytes failed: Only part of a ReadProcessMemory or WriteProcessMemory request was completed. (0x12B)
[0725/002316:WARNING:pe_image_reader.cc(280)] could not read dos header from C:\Windows\SYSTEM32\DEVOBJ.dll
[0725/002316:ERROR:process_reader_win.cc(232)] ReadMemory at 0x74080000 of 64 bytes failed: Only part of a ReadProcessMemory or WriteProcessMemory request was completed. (0x12B)
[0725/002316:WARNING:pe_image_reader.cc(280)] could not read dos header from C:\Windows\SYSTEM32\WINMMBASE.dll
[0725/002316:ERROR:process_reader_win.cc(232)] ReadMemory at 0x75880000 of 64 bytes failed: Only part of a ReadProcessMemory or WriteProcessMemory request was completed. (0x12B)
[0725/002316:WARNING:pe_image_reader.cc(280)] could not read dos header from C:\Windows\SYSTEM32\GDI32.dll
[0725/002316:ERROR:process_reader_win.cc(232)] ReadMemory at 0x756a0000 of 64 bytes failed: Only part of a ReadProcessMemory or WriteProcessMemory request was completed. (0x12B)
[0725/002316:WARNING:pe_image_reader.cc(280)] could not read dos header from C:\Windows\SYSTEM32\USER32.dll
[0725/002316:ERROR:process_reader_win.cc(232)] ReadMemory at 0x75550000 of 64 bytes failed: Only part of a ReadProcessMemory or WriteProcessMemory request was completed. (0x12B)
[0725/002316:WARNING:pe_image_reader.cc(280)] could not read dos header from C:\Windows\SYSTEM32\MSCTF.dll
[0725/002316:ERROR:process_reader_win.cc(232)] ReadMemory at 0x76da0000 of 64 bytes failed: Only part of a ReadProcessMemory or WriteProcessMemory request was completed. (0x12B)
[0725/002316:WARNING:pe_image_reader.cc(280)] could not read dos header from C:\Windows\system32\IMM32.DLL
[0725/002316:ERROR:process_reader_win.cc(232)] ReadMemory at 0x74120000 of 64 bytes failed: Only part of a ReadProcessMemory or WriteProcessMemory request was completed. (0x12B)
[0725/002316:WARNING:pe_image_reader.cc(280)] could not read dos header from C:\Windows\SYSTEM32\WINMM.dll
[0725/002316:ERROR:process_reader_win.cc(232)] ReadMemory at 0x74c70000 of 64 bytes failed: Only part of a ReadProcessMemory or WriteProcessMemory request was completed. (0x12B)
[0725/002316:WARNING:pe_image_reader.cc(280)] could not read dos header from C:\Windows\SYSTEM32\profapi.dll
[0725/002316:ERROR:process_reader_win.cc(232)] ReadMemory at 0x740f0000 of 64 bytes failed: Only part of a ReadProcessMemory or WriteProcessMemory request was completed. (0x12B)
[0725/002316:WARNING:pe_image_reader.cc(280)] could not read dos header from C:\Windows\SYSTEM32\USERENV.dll
[0725/002316:ERROR:process_reader_win.cc(232)] ReadMemory at 0x74af0000 of 64 bytes failed: Only part of a ReadProcessMemory or WriteProcessMemory request was completed. (0x12B)
[0725/002316:WARNING:pe_image_reader.cc(280)] could not read dos header from C:\Windows\SYSTEM32\WTSAPI32.dll
[0725/002316:ERROR:process_reader_win.cc(232)] ReadMemory at 0x775e0000 of 64 bytes failed: Only part of a ReadProcessMemory or WriteProcessMemory request was completed. (0x12B)
[0725/002316:WARNING:pe_image_reader.cc(280)] could not read dos header from C:\Windows\SYSTEM32\combase.dll
[0725/002316:ERROR:process_reader_win.cc(232)] ReadMemory at 0x748f0000 of 64 bytes failed: Only part of a ReadProcessMemory or WriteProcessMemory request was completed. (0x12B)
[0725/002316:WARNING:pe_image_reader.cc(280)] could not read dos header from C:\Windows\SYSTEM32\WINHTTP.dll
[0725/002316:ERROR:process_reader_win.cc(232)] ReadMemory at 0x75650000 of 64 bytes failed: Only part of a ReadProcessMemory or WriteProcessMemory request was completed. (0x12B)
[0725/002316:WARNING:pe_image_reader.cc(280)] could not read dos header from C:\Windows\SYSTEM32\SHLWAPI.dll
[0725/002316:ERROR:process_reader_win.cc(232)] ReadMemory at 0x75a90000 of 64 bytes failed: Only part of a ReadProcessMemory or WriteProcessMemory request was completed. (0x12B)
[0725/002316:WARNING:pe_image_reader.cc(280)] could not read dos header from C:\Windows\SYSTEM32\SHELL32.dll
[0725/002316:ERROR:process_reader_win.cc(232)] ReadMemory at 0x74e90000 of 64 bytes failed: Only part of a ReadProcessMemory or WriteProcessMemory request was completed. (0x12B)
[0725/002316:WARNING:pe_image_reader.cc(280)] could not read dos header from C:\Windows\SYSTEM32\shcore.dll
[0725/002316:ERROR:process_reader_win.cc(232)] ReadMemory at 0x75870000 of 64 bytes failed: Only part of a ReadProcessMemory or WriteProcessMemory request was completed. (0x12B)
[0725/002316:WARNING:pe_image_reader.cc(280)] could not read dos header from C:\Windows\SYSTEM32\PSAPI.DLL
[0725/002316:ERROR:process_reader_win.cc(232)] ReadMemory at 0x73590000 of 64 bytes failed: Only part of a ReadProcessMemory or WriteProcessMemory request was completed. (0x12B)
[0725/002316:WARNING:pe_image_reader.cc(280)] could not read dos header from C:\Windows\SYSTEM32\WINSPOOL.DRV
[0725/002316:ERROR:process_reader_win.cc(232)] ReadMemory at 0x74f10000 of 64 bytes failed: Only part of a ReadProcessMemory or WriteProcessMemory request was completed. (0x12B)
[0725/002316:WARNING:pe_image_reader.cc(280)] could not read dos header from C:\Windows\WinSxS\x86_microsoft.windows.common-controls_6595b64144ccf1df_6.0.9600.16384_none_a9f4965301334e09\COMCTL32.dll
[0725/002316:ERROR:process_reader_win.cc(232)] ReadMemory at 0x753a0000 of 64 bytes failed: Only part of a ReadProcessMemory or WriteProcessMemory request was completed. (0x12B)
[0725/002316:WARNING:pe_image_reader.cc(280)] could not read dos header from C:\Windows\SYSTEM32\COMDLG32.dll
[0725/002316:ERROR:process_reader_win.cc(232)] ReadMemory at 0x77230000 of 64 bytes failed: Only part of a ReadProcessMemory or WriteProcessMemory request was completed. (0x12B)
[0725/002316:WARNING:pe_image_reader.cc(280)] could not read dos header from C:\Windows\SYSTEM32\ole32.dll
[0725/002316:ERROR:process_reader_win.cc(232)] ReadMemory at 0x76e20000 of 64 bytes failed: Only part of a ReadProcessMemory or WriteProcessMemory request was completed. (0x12B)
[0725/002316:WARNING:pe_image_reader.cc(280)] could not read dos header from C:\Windows\SYSTEM32\OLEAUT32.dll
[0725/002316:ERROR:process_reader_win.cc(232)] ReadMemory at 0x76f60000 of 64 bytes failed: Only part of a ReadProcessMemory or WriteProcessMemory request was completed. (0x12B)
[0725/002316:WARNING:pe_image_reader.cc(280)] could not read dos header from C:\Windows\SYSTEM32\NSI.dll
[0725/002316:ERROR:process_reader_win.cc(232)] ReadMemory at 0x748c0000 of 64 bytes failed: Only part of a ReadProcessMemory or WriteProcessMemory request was completed. (0x12B)
[0725/002316:WARNING:pe_image_reader.cc(280)] could not read dos header from C:\Windows\SYSTEM32\WINNSI.DLL
[0725/002316:ERROR:process_reader_win.cc(232)] ReadMemory at 0x748d0000 of 64 bytes failed: Only part of a ReadProcessMemory or WriteProcessMemory request was completed. (0x12B)
[0725/002316:WARNING:pe_image_reader.cc(280)] could not read dos header from C:\Windows\SYSTEM32\IPHLPAPI.DLL
[0725/002316:ERROR:process_reader_win.cc(232)] ReadMemory at 0x76dd0000 of 64 bytes failed: Only part of a ReadProcessMemory or WriteProcessMemory request was completed. (0x12B)
[0725/002316:WARNING:pe_image_reader.cc(280)] could not read dos header from C:\Windows\SYSTEM32\WS2_32.dll
[0725/002316:ERROR:process_reader_win.cc(232)] ReadMemory at 0x74ad0000 of 64 bytes failed: Only part of a ReadProcessMemory or WriteProcessMemory request was completed. (0x12B)
[0725/002316:WARNING:pe_image_reader.cc(280)] could not read dos header from C:\Windows\SYSTEM32\USP10.dll
[0725/002316:ERROR:process_reader_win.cc(232)] ReadMemory at 0x76c40000 of 64 bytes failed: Only part of a ReadProcessMemory or WriteProcessMemory request was completed. (0x12B)
[0725/002316:WARNING:pe_image_reader.cc(280)] could not read dos header from C:\Windows\SYSTEM32\MSASN1.dll
[0725/002316:ERROR:process_reader_win.cc(232)] ReadMemory at 0x77350000 of 64 bytes failed: Only part of a ReadProcessMemory or WriteProcessMemory request was completed. (0x12B)
[0725/002316:WARNING:pe_image_reader.cc(280)] could not read dos header from C:\Windows\SYSTEM32\CRYPT32.dll
[0725/002316:ERROR:process_reader_win.cc(232)] ReadMemory at 0x775a0000 of 64 bytes failed: Only part of a ReadProcessMemory or WriteProcessMemory request was completed. (0x12B)
[0725/002316:WARNING:pe_image_reader.cc(280)] could not read dos header from C:\Windows\SYSTEM32\WINTRUST.dll
[0725/002316:ERROR:process_reader_win.cc(232)] ReadMemory at 0x74160000 of 64 bytes failed: Only part of a ReadProcessMemory or WriteProcessMemory request was completed. (0x12B)
[0725/002316:WARNING:pe_image_reader.cc(280)] could not read dos header from C:\Windows\SYSTEM32\Secur32.dll
[0725/002316:ERROR:process_reader_win.cc(232)] ReadMemory at 0x6b990000 of 64 bytes failed: Only part of a ReadProcessMemory or WriteProcessMemory request was completed. (0x12B)
[0725/002316:WARNING:pe_image_reader.cc(280)] could not read dos header from C:\Program Files (x86)\Google\Chrome\Application\51.0.2704.103\chrome_child.dll
[0725/002316:ERROR:process_reader_win.cc(232)] ReadMemory at 0x730c0000 of 64 bytes failed: Only part of a ReadProcessMemory or WriteProcessMemory request was completed. (0x12B)
[0725/002316:WARNING:pe_image_reader.cc(280)] could not read dos header from C:\Windows\SYSTEM32\dwrite.dll
[0725/002316:ERROR:process_reader_win.cc(98)] process 1304 not found
[0725/002316:ERROR:process_reader_win.cc(232)] ReadMemory at 0xf90000 of 64 bytes failed: Only part of a ReadProcessMemory or WriteProcessMemory request was completed. (0x12B)
[0725/002316:WARNING:pe_image_reader.cc(280)] could not read dos header from C:\Program Files (x86)\Google\Chrome\Application\chrome.exe
[0725/002316:ERROR:process_reader_win.cc(232)] ReadMemory at 0x77800000 of 64 bytes failed: Only part of a ReadProcessMemory or WriteProcessMemory request was completed. (0x12B)
[0725/002316:WARNING:pe_image_reader.cc(280)] could not read dos header from C:\Windows\SYSTEM32\ntdll.dll
[0725/002316:ERROR:process_reader_win.cc(232)] ReadMemory at 0x774d0000 of 64 bytes failed: Only part of a ReadProcessMemory or WriteProcessMemory request was completed. (0x12B)
[0725/002316:WARNING:pe_image_reader.cc(280)] could not read dos header from C:\Windows\SYSTEM32\KERNELBASE.dll
[0725/002316:ERROR:process_reader_win.cc(232)] ReadMemory at 0x76c60000 of 64 bytes failed: Only part of a ReadProcessMemory or WriteProcessMemory request was completed. (0x12B)
[0725/002316:WARNING:pe_image_reader.cc(280)] could not read dos header from C:\Windows\SYSTEM32\KERNEL32.DLL
[0725/002316:ERROR:process_reader_win.cc(232)] ReadMemory at 0x759d0000 of 64 bytes failed: Only part of a ReadProcessMemory or WriteProcessMemory request was completed. (0x12B)
[0725/002316:WARNING:pe_image_reader.cc(280)] could not read dos header from C:\Windows\SYSTEM32\msvcrt.dll
[0725/002316:ERROR:process_reader_win.cc(232)] ReadMemory at 0x751c0000 of 64 bytes failed: Only part of a ReadProcessMemory or WriteProcessMemory request was completed. (0x12B)
[0725/002316:WARNING:pe_image_reader.cc(280)] could not read dos header from C:\Windows\SYSTEM32\bcryptPrimitives.dll
[0725/002316:ERROR:process_reader_win.cc(232)] ReadMemory at 0x75220000 of 64 bytes failed: Only part of a ReadProcessMemory or WriteProcessMemory request was completed. (0x12B)
[0725/002316:WARNING:pe_image_reader.cc(280)] could not read dos header from C:\Windows\SYSTEM32\CRYPTBASE.dll
[0725/002316:ERROR:process_reader_win.cc(232)] ReadMemory at 0x75230000 of 64 bytes failed: Only part of a ReadProcessMemory or WriteProcessMemory request was completed. (0x12B)
[0725/002316:WARNING:pe_image_reader.cc(280)] could not read dos header from C:\Windows\SYSTEM32\SspiCli.dll
[0725/002316:ERROR:process_reader_win.cc(232)] ReadMemory at 0x77120000 of 64 bytes failed: Only part of a ReadProcessMemory or WriteProcessMemory request was completed. (0x12B)
[0725/002316:WARNING:pe_image_reader.cc(280)] could not read dos header from C:\Windows\SYSTEM32\RPCRT4.dll
[0725/002316:ERROR:process_reader_win.cc(232)] ReadMemory at 0x75510000 of 64 bytes failed: Only part of a ReadProcessMemory or WriteProcessMemory request was completed. (0x12B)
[0725/002316:WARNING:pe_image_reader.cc(280)] could not read dos header from C:\Windows\SYSTEM32\sechost.dll
[0725/002316:ERROR:process_reader_win.cc(232)] ReadMemory at 0x75430000 of 64 bytes failed: Only part of a ReadProcessMemory or WriteProcessMemory request was completed. (0x12B)
[0725/002316:WARNING:pe_image_reader.cc(280)] could not read dos header from C:\Windows\SYSTEM32\ADVAPI32.dll
[0725/002316:ERROR:process_reader_win.cc(232)] ReadMemory at 0x74b00000 of 64 bytes failed: Only part of a ReadProcessMemory or WriteProcessMemory request was completed. (0x12B)
[0725/002316:WARNING:pe_image_reader.cc(280)] could not read dos header from C:\Program Files (x86)\Google\Chrome\Application\51.0.2704.103\chrome_elf.dll
[0725/002316:ERROR:process_reader_win.cc(232)] ReadMemory at 0x74110000 of 64 bytes failed: Only part of a ReadProcessMemory or WriteProcessMemory request was completed. (0x12B)
[0725/002316:WARNING:pe_image_reader.cc(280)] could not read dos header from C:\Windows\SYSTEM32\VERSION.dll
[0725/002316:ERROR:process_reader_win.cc(232)] ReadMemory at 0x75990000 of 64 bytes failed: Only part of a ReadProcessMemory or WriteProcessMemory request was completed. (0x12B)
[0725/002316:WARNING:pe_image_reader.cc(280)] could not read dos header from C:\Windows\SYSTEM32\cfgmgr32.dll
[0725/002316:ERROR:process_reader_win.cc(232)] ReadMemory at 0x74060000 of 64 bytes failed: Only part of a ReadProcessMemory or WriteProcessMemory request was completed. (0x12B)
[0725/002316:WARNING:pe_image_reader.cc(280)] could not read dos header from C:\Windows\SYSTEM32\DEVOBJ.dll
[0725/002316:ERROR:process_reader_win.cc(232)] ReadMemory at 0x74080000 of 64 bytes failed: Only part of a ReadProcessMemory or WriteProcessMemory request was completed. (0x12B)
[0725/002316:WARNING:pe_image_reader.cc(280)] could not read dos header from C:\Windows\SYSTEM32\WINMMBASE.dll
[0725/002316:ERROR:process_reader_win.cc(232)] ReadMemory at 0x75880000 of 64 bytes failed: Only part of a ReadProcessMemory or WriteProcessMemory request was completed. (0x12B)
[0725/002316:WARNING:pe_image_reader.cc(280)] could not read dos header from C:\Windows\SYSTEM32\GDI32.dll
[0725/002316:ERROR:process_reader_win.cc(232)] ReadMemory at 0x756a0000 of 64 bytes failed: Only part of a ReadProcessMemory or WriteProcessMemory request was completed. (0x12B)
[0725/002316:WARNING:pe_image_reader.cc(280)] could not read dos header from C:\Windows\SYSTEM32\USER32.dll
[0725/002316:ERROR:process_reader_win.cc(232)] ReadMemory at 0x75550000 of 64 bytes failed: Only part of a ReadProcessMemory or WriteProcessMemory request was completed. (0x12B)
[0725/002316:WARNING:pe_image_reader.cc(280)] could not read dos header from C:\Windows\SYSTEM32\MSCTF.dll
[0725/002316:ERROR:process_reader_win.cc(232)] ReadMemory at 0x76da0000 of 64 bytes failed: Only part of a ReadProcessMemory or WriteProcessMemory request was completed. (0x12B)
[0725/002316:WARNING:pe_image_reader.cc(280)] could not read dos header from C:\Windows\system32\IMM32.DLL
[0725/002316:ERROR:process_reader_win.cc(232)] ReadMemory at 0x74120000 of 64 bytes failed: Only part of a ReadProcessMemory or WriteProcessMemory request was completed. (0x12B)
[0725/002316:WARNING:pe_image_reader.cc(280)] could not read dos header from C:\Windows\SYSTEM32\WINMM.dll
[0725/002316:ERROR:process_reader_win.cc(232)] ReadMemory at 0x74c70000 of 64 bytes failed: Only part of a ReadProcessMemory or WriteProcessMemory request was completed. (0x12B)
[0725/002316:WARNING:pe_image_reader.cc(280)] could not read dos header from C:\Windows\SYSTEM32\profapi.dll
[0725/002316:ERROR:process_reader_win.cc(232)] ReadMemory at 0x740f0000 of 64 bytes failed: Only part of a ReadProcessMemory or WriteProcessMemory request was completed. (0x12B)
[0725/002316:WARNING:pe_image_reader.cc(280)] could not read dos header from C:\Windows\SYSTEM32\USERENV.dll
[0725/002316:ERROR:process_reader_win.cc(232)] ReadMemory at 0x74af0000 of 64 bytes failed: Only part of a ReadProcessMemory or WriteProcessMemory request was completed. (0x12B)
[0725/002316:WARNING:pe_image_reader.cc(280)] could not read dos header from C:\Windows\SYSTEM32\WTSAPI32.dll
[0725/002316:ERROR:process_reader_win.cc(232)] ReadMemory at 0x775e0000 of 64 bytes failed: Only part of a ReadProcessMemory or WriteProcessMemory request was completed. (0x12B)
[0725/002316:WARNING:pe_image_reader.cc(280)] could not read dos header from C:\Windows\SYSTEM32\combase.dll
[0725/002316:ERROR:process_reader_win.cc(232)] ReadMemory at 0x748f0000 of 64 bytes failed: Only part of a ReadProcessMemory or WriteProcessMemory request was completed. (0x12B)
[0725/002316:WARNING:pe_image_reader.cc(280)] could not read dos header from C:\Windows\SYSTEM32\WINHTTP.dll
[0725/002316:ERROR:process_reader_win.cc(232)] ReadMemory at 0x75650000 of 64 bytes failed: Only part of a ReadProcessMemory or WriteProcessMemory request was completed. (0x12B)
[0725/002316:WARNING:pe_image_reader.cc(280)] could not read dos header from C:\Windows\SYSTEM32\SHLWAPI.dll
[0725/002316:ERROR:process_reader_win.cc(232)] ReadMemory at 0x75a90000 of 64 bytes failed: Only part of a ReadProcessMemory or WriteProcessMemory request was completed. (0x12B)
[0725/002316:WARNING:pe_image_reader.cc(280)] could not read dos header from C:\Windows\SYSTEM32\SHELL32.dll
[0725/002316:ERROR:process_reader_win.cc(232)] ReadMemory at 0x74e90000 of 64 bytes failed: Only part of a ReadProcessMemory or WriteProcessMemory request was completed. (0x12B)
[0725/002316:WARNING:pe_image_reader.cc(280)] could not read dos header from C:\Windows\SYSTEM32\shcore.dll
[0725/002316:ERROR:process_reader_win.cc(232)] ReadMemory at 0x75870000 of 64 bytes failed: Only part of a ReadProcessMemory or WriteProcessMemory request was completed. (0x12B)
[0725/002316:WARNING:pe_image_reader.cc(280)] could not read dos header from C:\Windows\SYSTEM32\PSAPI.DLL
[0725/002316:ERROR:process_reader_win.cc(232)] ReadMemory at 0x73590000 of 64 bytes failed: Only part of a ReadProcessMemory or WriteProcessMemory request was completed. (0x12B)
[0725/002316:WARNING:pe_image_reader.cc(280)] could not read dos header from C:\Windows\SYSTEM32\WINSPOOL.DRV
[0725/002316:ERROR:process_reader_win.cc(232)] ReadMemory at 0x74f10000 of 64 bytes failed: Only part of a ReadProcessMemory or WriteProcessMemory request was completed. (0x12B)
[0725/002316:WARNING:pe_image_reader.cc(280)] could not read dos header from C:\Windows\WinSxS\x86_microsoft.windows.common-controls_6595b64144ccf1df_6.0.9600.16384_none_a9f4965301334e09\COMCTL32.dll
[0725/002316:ERROR:process_reader_win.cc(232)] ReadMemory at 0x753a0000 of 64 bytes failed: Only part of a ReadProcessMemory or WriteProcessMemory request was completed. (0x12B)
[0725/002316:WARNING:pe_image_reader.cc(280)] could not read dos header from C:\Windows\SYSTEM32\COMDLG32.dll
[0725/002316:ERROR:process_reader_win.cc(232)] ReadMemory at 0x77230000 of 64 bytes failed: Only part of a ReadProcessMemory or WriteProcessMemory request was completed. (0x12B)
[0725/002316:WARNING:pe_image_reader.cc(280)] could not read dos header from C:\Windows\SYSTEM32\ole32.dll
[0725/002316:ERROR:process_reader_win.cc(232)] ReadMemory at 0x76e20000 of 64 bytes failed: Only part of a ReadProcessMemory or WriteProcessMemory request was completed. (0x12B)
[0725/002316:WARNING:pe_image_reader.cc(280)] could not read dos header from C:\Windows\SYSTEM32\OLEAUT32.dll
[0725/002316:ERROR:process_reader_win.cc(232)] ReadMemory at 0x76f60000 of 64 bytes failed: Only part of a ReadProcessMemory or WriteProcessMemory request was completed. (0x12B)
[0725/002316:WARNING:pe_image_reader.cc(280)] could not read dos header from C:\Windows\SYSTEM32\NSI.dll
[0725/002316:ERROR:process_reader_win.cc(232)] ReadMemory at 0x748c0000 of 64 bytes failed: Only part of a ReadProcessMemory or WriteProcessMemory request was completed. (0x12B)
[0725/002316:WARNING:pe_image_reader.cc(280)] could not read dos header from C:\Windows\SYSTEM32\WINNSI.DLL
[0725/002316:ERROR:process_reader_win.cc(232)] ReadMemory at 0x748d0000 of 64 bytes failed: Only part of a ReadProcessMemory or WriteProcessMemory request was completed. (0x12B)
[0725/002316:WARNING:pe_image_reader.cc(280)] could not read dos header from C:\Windows\SYSTEM32\IPHLPAPI.DLL
[0725/002316:ERROR:process_reader_win.cc(232)] ReadMemory at 0x76dd0000 of 64 bytes failed: Only part of a ReadProcessMemory or WriteProcessMemory request was completed. (0x12B)
[0725/002316:WARNING:pe_image_reader.cc(280)] could not read dos header from C:\Windows\SYSTEM32\WS2_32.dll
[0725/002316:ERROR:process_reader_win.cc(232)] ReadMemory at 0x74ad0000 of 64 bytes failed: Only part of a ReadProcessMemory or WriteProcessMemory request was completed. (0x12B)
[0725/002316:WARNING:pe_image_reader.cc(280)] could not read dos header from C:\Windows\SYSTEM32\USP10.dll
[0725/002316:ERROR:process_reader_win.cc(232)] ReadMemory at 0x76c40000 of 64 bytes failed: Only part of a ReadProcessMemory or WriteProcessMemory request was completed. (0x12B)
[0725/002316:WARNING:pe_image_reader.cc(280)] could not read dos header from C:\Windows\SYSTEM32\MSASN1.dll
[0725/002316:ERROR:process_reader_win.cc(232)] ReadMemory at 0x77350000 of 64 bytes failed: Only part of a ReadProcessMemory or WriteProcessMemory request was completed. (0x12B)
[0725/002316:WARNING:pe_image_reader.cc(280)] could not read dos header from C:\Windows\SYSTEM32\CRYPT32.dll
[0725/002316:ERROR:process_reader_win.cc(232)] ReadMemory at 0x775a0000 of 64 bytes failed: Only part of a ReadProcessMemory or WriteProcessMemory request was completed. (0x12B)
[0725/002316:WARNING:pe_image_reader.cc(280)] could not read dos header from C:\Windows\SYSTEM32\WINTRUST.dll
[0725/002316:ERROR:process_reader_win.cc(232)] ReadMemory at 0x74160000 of 64 bytes failed: Only part of a ReadProcessMemory or WriteProcessMemory request was completed. (0x12B)
[0725/002316:WARNING:pe_image_reader.cc(280)] could not read dos header from C:\Windows\SYSTEM32\Secur32.dll
[0725/002316:ERROR:process_reader_win.cc(232)] ReadMemory at 0x6b990000 of 64 bytes failed: Only part of a ReadProcessMemory or WriteProcessMemory request was completed. (0x12B)
[0725/002316:WARNING:pe_image_reader.cc(280)] could not read dos header from C:\Program Files (x86)\Google\Chrome\Application\51.0.2704.103\chrome_child.dll
[0725/002316:ERROR:process_reader_win.cc(232)] ReadMemory at 0x730c0000 of 64 bytes failed: Only part of a ReadProcessMemory or WriteProcessMemory request was completed. (0x12B)
[0725/002316:WARNING:pe_image_reader.cc(280)] could not read dos header from C:\Windows\SYSTEM32\dwrite.dll
[0725/002316:ERROR:process_reader_win.cc(232)] ReadMemory at 0x104c374 of 12 bytes failed: Only part of a ReadProcessMemory or WriteProcessMemory request was completed. (0x12B)
[0725/002316:WARNING:process_snapshot_win.cc(102)] ReadMemory ExceptionInformation failed
[0725/002316:WARNING:crash_report_exception_handler.cc(60)] ProcessSnapshotWin::InitializeException failed
[0725/002316:ERROR:scoped_process_suspend.cc(38)] NtResumeProcess, ntstatus=-1073741558
[0726/000939:ERROR:process_info.cc(330)] VirtualQueryEx: Access is denied. (0x5)
[0726/000940:ERROR:process_info.cc(547)] ReadMemoryInfo failed
[0726/000941:ERROR:process_info.cc(608)] range at 0xffa69000, size 0x230 fully unreadable
[0726/000941:ERROR:process_reader_win.cc(232)] ReadMemory at 0xffa69000 of 560 bytes failed: Only part of a ReadProcessMemory or WriteProcessMemory request was completed. (0x12B)
[0726/000941:ERROR:process_snapshot_win.cc(349)] ReadMemory PEB
[0726/000941:ERROR:process_reader_win.cc(232)] ReadMemory at 0xf90000 of 64 bytes failed: Only part of a ReadProcessMemory or WriteProcessMemory request was completed. (0x12B)
[0726/000941:WARNING:pe_image_reader.cc(280)] could not read dos header from C:\Program Files (x86)\Google\Chrome\Application\chrome.exe
[0726/000941:ERROR:process_reader_win.cc(232)] ReadMemory at 0x77800000 of 64 bytes failed: Only part of a ReadProcessMemory or WriteProcessMemory request was completed. (0x12B)
[0726/000941:WARNING:pe_image_reader.cc(280)] could not read dos header from C:\Windows\SYSTEM32\ntdll.dll
[0726/000941:ERROR:process_reader_win.cc(232)] ReadMemory at 0x774d0000 of 64 bytes failed: Only part of a ReadProcessMemory or WriteProcessMemory request was completed. (0x12B)
[0726/000941:WARNING:pe_image_reader.cc(280)] could not read dos header from C:\Windows\SYSTEM32\KERNELBASE.dll
[0726/000941:ERROR:process_reader_win.cc(232)] ReadMemory at 0x76c60000 of 64 bytes failed: Only part of a ReadProcessMemory or WriteProcessMemory request was completed. (0x12B)
[0726/000941:WARNING:pe_image_reader.cc(280)] could not read dos header from C:\Windows\SYSTEM32\KERNEL32.DLL
[0726/000941:ERROR:process_reader_win.cc(232)] ReadMemory at 0x759d0000 of 64 bytes failed: Only part of a ReadProcessMemory or WriteProcessMemory request was completed. (0x12B)
[0726/000941:WARNING:pe_image_reader.cc(280)] could not read dos header from C:\Windows\SYSTEM32\msvcrt.dll
[0726/000941:ERROR:process_reader_win.cc(232)] ReadMemory at 0x751c0000 of 64 bytes failed: Only part of a ReadProcessMemory or WriteProcessMemory request was completed. (0x12B)
[0726/000941:WARNING:pe_image_reader.cc(280)] could not read dos header from C:\Windows\SYSTEM32\bcryptPrimitives.dll
[0726/000941:ERROR:process_reader_win.cc(232)] ReadMemory at 0x75220000 of 64 bytes failed: Only part of a ReadProcessMemory or WriteProcessMemory request was completed. (0x12B)
[0726/000941:WARNING:pe_image_reader.cc(280)] could not read dos header from C:\Windows\SYSTEM32\CRYPTBASE.dll
[0726/000941:ERROR:process_reader_win.cc(232)] ReadMemory at 0x75230000 of 64 bytes failed: Only part of a ReadProcessMemory or WriteProcessMemory request was completed. (0x12B)
[0726/000941:WARNING:pe_image_reader.cc(280)] could not read dos header from C:\Windows\SYSTEM32\SspiCli.dll
[0726/000941:ERROR:process_reader_win.cc(232)] ReadMemory at 0x77120000 of 64 bytes failed: Only part of a ReadProcessMemory or WriteProcessMemory request was completed. (0x12B)
[0726/000941:WARNING:pe_image_reader.cc(280)] could not read dos header from C:\Windows\SYSTEM32\RPCRT4.dll
[0726/000941:ERROR:process_reader_win.cc(232)] ReadMemory at 0x75510000 of 64 bytes failed: Only part of a ReadProcessMemory or WriteProcessMemory request was completed. (0x12B)
[0726/000941:WARNING:pe_image_reader.cc(280)] could not read dos header from C:\Windows\SYSTEM32\sechost.dll
[0726/000941:ERROR:process_reader_win.cc(232)] ReadMemory at 0x75430000 of 64 bytes failed: Only part of a ReadProcessMemory or WriteProcessMemory request was completed. (0x12B)
[0726/000941:WARNING:pe_image_reader.cc(280)] could not read dos header from C:\Windows\SYSTEM32\ADVAPI32.dll
[0726/000941:ERROR:process_reader_win.cc(232)] ReadMemory at 0x74b40000 of 64 bytes failed: Only part of a ReadProcessMemory or WriteProcessMemory request was completed. (0x12B)
[0726/000941:WARNING:pe_image_reader.cc(280)] could not read dos header from C:\Program Files (x86)\Google\Chrome\Application\51.0.2704.103\chrome_elf.dll
[0726/000941:ERROR:process_reader_win.cc(232)] ReadMemory at 0x74110000 of 64 bytes failed: Only part of a ReadProcessMemory or WriteProcessMemory request was completed. (0x12B)
[0726/000941:WARNING:pe_image_reader.cc(280)] could not read dos header from C:\Windows\SYSTEM32\VERSION.dll
[0726/000941:ERROR:process_reader_win.cc(232)] ReadMemory at 0x75990000 of 64 bytes failed: Only part of a ReadProcessMemory or WriteProcessMemory request was completed. (0x12B)
[0726/000941:WARNING:pe_image_reader.cc(280)] could not read dos header from C:\Windows\SYSTEM32\cfgmgr32.dll
[0726/000941:ERROR:process_reader_win.cc(232)] ReadMemory at 0x74060000 of 64 bytes failed: Only part of a ReadProcessMemory or WriteProcessMemory request was completed. (0x12B)
[0726/000941:WARNING:pe_image_reader.cc(280)] could not read dos header from C:\Windows\SYSTEM32\DEVOBJ.dll
[0726/000941:ERROR:process_reader_win.cc(232)] ReadMemory at 0x74080000 of 64 bytes failed: Only part of a ReadProcessMemory or WriteProcessMemory request was completed. (0x12B)
[0726/000941:WARNING:pe_image_reader.cc(280)] could not read dos header from C:\Windows\SYSTEM32\WINMMBASE.dll
[0726/000941:ERROR:process_reader_win.cc(232)] ReadMemory at 0x75880000 of 64 bytes failed: Only part of a ReadProcessMemory or WriteProcessMemory request was completed. (0x12B)
[0726/000941:WARNING:pe_image_reader.cc(280)] could not read dos header from C:\Windows\SYSTEM32\GDI32.dll
[0726/000941:ERROR:process_reader_win.cc(232)] ReadMemory at 0x756a0000 of 64 bytes failed: Only part of a ReadProcessMemory or WriteProcessMemory request was completed. (0x12B)
[0726/000941:WARNING:pe_image_reader.cc(280)] could not read dos header from C:\Windows\SYSTEM32\USER32.dll
[0726/000941:ERROR:process_reader_win.cc(232)] ReadMemory at 0x75550000 of 64 bytes failed: Only part of a ReadProcessMemory or WriteProcessMemory request was completed. (0x12B)
[0726/000941:WARNING:pe_image_reader.cc(280)] could not read dos header from C:\Windows\SYSTEM32\MSCTF.dll
[0726/000941:ERROR:process_reader_win.cc(232)] ReadMemory at 0x76da0000 of 64 bytes failed: Only part of a ReadProcessMemory or WriteProcessMemory request was completed. (0x12B)
[0726/000941:WARNING:pe_image_reader.cc(280)] could not read dos header from C:\Windows\system32\IMM32.DLL
[0726/000941:ERROR:process_reader_win.cc(232)] ReadMemory at 0x74120000 of 64 bytes failed: Only part of a ReadProcessMemory or WriteProcessMemory request was completed. (0x12B)
[0726/000941:WARNING:pe_image_reader.cc(280)] could not read dos header from C:\Windows\SYSTEM32\WINMM.dll
[0726/000941:ERROR:process_reader_win.cc(232)] ReadMemory at 0x74c70000 of 64 bytes failed: Only part of a ReadProcessMemory or WriteProcessMemory request was completed. (0x12B)
[0726/000941:WARNING:pe_image_reader.cc(280)] could not read dos header from C:\Windows\SYSTEM32\profapi.dll
[0726/000941:ERROR:process_reader_win.cc(232)] ReadMemory at 0x740f0000 of 64 bytes failed: Only part of a ReadProcessMemory or WriteProcessMemory request was completed. (0x12B)
[0726/000941:WARNING:pe_image_reader.cc(280)] could not read dos header from C:\Windows\SYSTEM32\USERENV.dll
[0726/000941:ERROR:process_reader_win.cc(232)] ReadMemory at 0x74b30000 of 64 bytes failed: Only part of a ReadProcessMemory or WriteProcessMemory request was completed. (0x12B)
[0726/000941:WARNING:pe_image_reader.cc(280)] could not read dos header from C:\Windows\SYSTEM32\WTSAPI32.dll
[0726/000941:ERROR:process_reader_win.cc(232)] ReadMemory at 0x775e0000 of 64 bytes failed: Only part of a ReadProcessMemory or WriteProcessMemory request was completed. (0x12B)
[0726/000941:WARNING:pe_image_reader.cc(280)] could not read dos header from C:\Windows\SYSTEM32\combase.dll
[0726/000941:ERROR:process_reader_win.cc(232)] ReadMemory at 0x748f0000 of 64 bytes failed: Only part of a ReadProcessMemory or WriteProcessMemory request was completed. (0x12B)
[0726/000942:WARNING:pe_image_reader.cc(280)] could not read dos header from C:\Windows\SYSTEM32\WINHTTP.dll
[0726/000942:ERROR:process_reader_win.cc(232)] ReadMemory at 0x75650000 of 64 bytes failed: Only part of a ReadProcessMemory or WriteProcessMemory request was completed. (0x12B)
[0726/000942:WARNING:pe_image_reader.cc(280)] could not read dos header from C:\Windows\SYSTEM32\SHLWAPI.dll
[0726/000942:ERROR:process_reader_win.cc(232)] ReadMemory at 0x75a90000 of 64 bytes failed: Only part of a ReadProcessMemory or WriteProcessMemory request was completed. (0x12B)
[0726/000942:WARNING:pe_image_reader.cc(280)] could not read dos header from C:\Windows\SYSTEM32\SHELL32.dll
[0726/000942:ERROR:process_reader_win.cc(232)] ReadMemory at 0x74e90000 of 64 bytes failed: Only part of a ReadProcessMemory or WriteProcessMemory request was completed. (0x12B)
[0726/000942:WARNING:pe_image_reader.cc(280)] could not read dos header from C:\Windows\SYSTEM32\shcore.dll
[0726/000942:ERROR:process_reader_win.cc(232)] ReadMemory at 0x75870000 of 64 bytes failed: Only part of a ReadProcessMemory or WriteProcessMemory request was completed. (0x12B)
[0726/000942:WARNING:pe_image_reader.cc(280)] could not read dos header from C:\Windows\SYSTEM32\PSAPI.DLL
[0726/000942:ERROR:process_reader_win.cc(232)] ReadMemory at 0x73590000 of 64 bytes failed: Only part of a ReadProcessMemory or WriteProcessMemory request was completed. (0x12B)
[0726/000942:WARNING:pe_image_reader.cc(280)] could not read dos header from C:\Windows\SYSTEM32\WINSPOOL.DRV
[0726/000942:ERROR:process_reader_win.cc(232)] ReadMemory at 0x74f10000 of 64 bytes failed: Only part of a ReadProcessMemory or WriteProcessMemory request was completed. (0x12B)
[0726/000942:WARNING:pe_image_reader.cc(280)] could not read dos header from C:\Windows\WinSxS\x86_microsoft.windows.common-controls_6595b64144ccf1df_6.0.9600.16384_none_a9f4965301334e09\COMCTL32.dll
[0726/000942:ERROR:process_reader_win.cc(232)] ReadMemory at 0x753a0000 of 64 bytes failed: Only part of a ReadProcessMemory or WriteProcessMemory request was completed. (0x12B)
[0726/000942:WARNING:pe_image_reader.cc(280)] could not read dos header from C:\Windows\SYSTEM32\COMDLG32.dll
[0726/000942:ERROR:process_reader_win.cc(232)] ReadMemory at 0x77230000 of 64 bytes failed: Only part of a ReadProcessMemory or WriteProcessMemory request was completed. (0x12B)
[0726/000942:WARNING:pe_image_reader.cc(280)] could not read dos header from C:\Windows\SYSTEM32\ole32.dll
[0726/000942:ERROR:process_reader_win.cc(232)] ReadMemory at 0x76e20000 of 64 bytes failed: Only part of a ReadProcessMemory or WriteProcessMemory request was completed. (0x12B)
[0726/000942:WARNING:pe_image_reader.cc(280)] could not read dos header from C:\Windows\SYSTEM32\OLEAUT32.dll
[0726/000942:ERROR:process_reader_win.cc(232)] ReadMemory at 0x76f60000 of 64 bytes failed: Only part of a ReadProcessMemory or WriteProcessMemory request was completed. (0x12B)
[0726/000942:WARNING:pe_image_reader.cc(280)] could not read dos header from C:\Windows\SYSTEM32\NSI.dll
[0726/000942:ERROR:process_reader_win.cc(232)] ReadMemory at 0x748c0000 of 64 bytes failed: Only part of a ReadProcessMemory or WriteProcessMemory request was completed. (0x12B)
[0726/000942:WARNING:pe_image_reader.cc(280)] could not read dos header from C:\Windows\SYSTEM32\WINNSI.DLL
[0726/000942:ERROR:process_reader_win.cc(232)] ReadMemory at 0x748d0000 of 64 bytes failed: Only part of a ReadProcessMemory or WriteProcessMemory request was completed. (0x12B)
[0726/000942:WARNING:pe_image_reader.cc(280)] could not read dos header from C:\Windows\SYSTEM32\IPHLPAPI.DLL
[0726/000942:ERROR:process_reader_win.cc(232)] ReadMemory at 0x76dd0000 of 64 bytes failed: Only part of a ReadProcessMemory or WriteProcessMemory request was completed. (0x12B)
[0726/000942:WARNING:pe_image_reader.cc(280)] could not read dos header from C:\Windows\SYSTEM32\WS2_32.dll
[0726/000942:ERROR:process_reader_win.cc(232)] ReadMemory at 0x74a90000 of 64 bytes failed: Only part of a ReadProcessMemory or WriteProcessMemory request was completed. (0x12B)
[0726/000942:WARNING:pe_image_reader.cc(280)] could not read dos header from C:\Windows\SYSTEM32\USP10.dll
[0726/000942:ERROR:process_reader_win.cc(232)] ReadMemory at 0x76c40000 of 64 bytes failed: Only part of a ReadProcessMemory or WriteProcessMemory request was completed. (0x12B)
[0726/000942:WARNING:pe_image_reader.cc(280)] could not read dos header from C:\Windows\SYSTEM32\MSASN1.dll
[0726/000942:ERROR:process_reader_win.cc(232)] ReadMemory at 0x77350000 of 64 bytes failed: Only part of a ReadProcessMemory or WriteProcessMemory request was completed. (0x12B)
[0726/000942:WARNING:pe_image_reader.cc(280)] could not read dos header from C:\Windows\SYSTEM32\CRYPT32.dll
[0726/000942:ERROR:process_reader_win.cc(232)] ReadMemory at 0x775a0000 of 64 bytes failed: Only part of a ReadProcessMemory or WriteProcessMemory request was completed. (0x12B)
[0726/000942:WARNING:pe_image_reader.cc(280)] could not read dos header from C:\Windows\SYSTEM32\WINTRUST.dll
[0726/000942:ERROR:process_reader_win.cc(232)] ReadMemory at 0x74160000 of 64 bytes failed: Only part of a ReadProcessMemory or WriteProcessMemory request was completed. (0x12B)
[0726/000942:WARNING:pe_image_reader.cc(280)] could not read dos header from C:\Windows\SYSTEM32\Secur32.dll
[0726/000942:ERROR:process_reader_win.cc(232)] ReadMemory at 0x70350000 of 64 bytes failed: Only part of a ReadProcessMemory or WriteProcessMemory request was completed. (0x12B)
[0726/000942:WARNING:pe_image_reader.cc(280)] could not read dos header from C:\Program Files (x86)\Google\Chrome\Application\51.0.2704.103\chrome_child.dll
[0726/000942:ERROR:process_reader_win.cc(232)] ReadMemory at 0x730c0000 of 64 bytes failed: Only part of a ReadProcessMemory or WriteProcessMemory request was completed. (0x12B)
[0726/000942:WARNING:pe_image_reader.cc(280)] could not read dos header from C:\Windows\SYSTEM32\dwrite.dll
[0726/000942:ERROR:process_reader_win.cc(232)] ReadMemory at 0x778fc860 of 5888 bytes failed: Only part of a ReadProcessMemory or WriteProcessMemory request was completed. (0x12B)
[0726/000942:ERROR:process_reader_win.cc(232)] ReadMemory at 0xf90000 of 64 bytes failed: Only part of a ReadProcessMemory or WriteProcessMemory request was completed. (0x12B)
[0726/000942:WARNING:pe_image_reader.cc(280)] could not read dos header from C:\Program Files (x86)\Google\Chrome\Application\chrome.exe
[0726/000942:ERROR:process_reader_win.cc(232)] ReadMemory at 0x77800000 of 64 bytes failed: Only part of a ReadProcessMemory or WriteProcessMemory request was completed. (0x12B)
[0726/000942:WARNING:pe_image_reader.cc(280)] could not read dos header from C:\Windows\SYSTEM32\ntdll.dll
[0726/000942:ERROR:process_reader_win.cc(232)] ReadMemory at 0x774d0000 of 64 bytes failed: Only part of a ReadProcessMemory or WriteProcessMemory request was completed. (0x12B)
[0726/000942:WARNING:pe_image_reader.cc(280)] could not read dos header from C:\Windows\SYSTEM32\KERNELBASE.dll
[0726/000942:ERROR:process_reader_win.cc(232)] ReadMemory at 0x76c60000 of 64 bytes failed: Only part of a ReadProcessMemory or WriteProcessMemory request was completed. (0x12B)
[0726/000942:WARNING:pe_image_reader.cc(280)] could not read dos header from C:\Windows\SYSTEM32\KERNEL32.DLL
[0726/000942:ERROR:process_reader_win.cc(232)] ReadMemory at 0x759d0000 of 64 bytes failed: Only part of a ReadProcessMemory or WriteProcessMemory request was completed. (0x12B)
[0726/000942:WARNING:pe_image_reader.cc(280)] could not read dos header from C:\Windows\SYSTEM32\msvcrt.dll
[0726/000942:ERROR:process_reader_win.cc(232)] ReadMemory at 0x751c0000 of 64 bytes failed: Only part of a ReadProcessMemory or WriteProcessMemory request was completed. (0x12B)
[0726/000942:WARNING:pe_image_reader.cc(280)] could not read dos header from C:\Windows\SYSTEM32\bcryptPrimitives.dll
[0726/000942:ERROR:process_reader_win.cc(232)] ReadMemory at 0x75220000 of 64 bytes failed: Only part of a ReadProcessMemory or WriteProcessMemory request was completed. (0x12B)
[0726/000942:WARNING:pe_image_reader.cc(280)] could not read dos header from C:\Windows\SYSTEM32\CRYPTBASE.dll
[0726/000942:ERROR:process_reader_win.cc(232)] ReadMemory at 0x75230000 of 64 bytes failed: Only part of a ReadProcessMemory or WriteProcessMemory request was completed. (0x12B)
[0726/000942:WARNING:pe_image_reader.cc(280)] could not read dos header from C:\Windows\SYSTEM32\SspiCli.dll
[0726/000942:ERROR:process_reader_win.cc(232)] ReadMemory at 0x77120000 of 64 bytes failed: Only part of a ReadProcessMemory or WriteProcessMemory request was completed. (0x12B)
[0726/000942:WARNING:pe_image_reader.cc(280)] could not read dos header from C:\Windows\SYSTEM32\RPCRT4.dll
[0726/000942:ERROR:process_reader_win.cc(232)] ReadMemory at 0x75510000 of 64 bytes failed: Only part of a ReadProcessMemory or WriteProcessMemory request was completed. (0x12B)
[0726/000942:WARNING:pe_image_reader.cc(280)] could not read dos header from C:\Windows\SYSTEM32\sechost.dll
[0726/000942:ERROR:process_reader_win.cc(232)] ReadMemory at 0x75430000 of 64 bytes failed: Only part of a ReadProcessMemory or WriteProcessMemory request was completed. (0x12B)
[0726/000942:WARNING:pe_image_reader.cc(280)] could not read dos header from C:\Windows\SYSTEM32\ADVAPI32.dll
[0726/000942:ERROR:process_reader_win.cc(232)] ReadMemory at 0x74b40000 of 64 bytes failed: Only part of a ReadProcessMemory or WriteProcessMemory request was completed. (0x12B)
[0726/000942:WARNING:pe_image_reader.cc(280)] could not read dos header from C:\Program Files (x86)\Google\Chrome\Application\51.0.2704.103\chrome_elf.dll
[0726/000942:ERROR:process_reader_win.cc(232)] ReadMemory at 0x74110000 of 64 bytes failed: Only part of a ReadProcessMemory or WriteProcessMemory request was completed. (0x12B)
[0726/000942:WARNING:pe_image_reader.cc(280)] could not read dos header from C:\Windows\SYSTEM32\VERSION.dll
[0726/000942:ERROR:process_reader_win.cc(232)] ReadMemory at 0x75990000 of 64 bytes failed: Only part of a ReadProcessMemory or WriteProcessMemory request was completed. (0x12B)
[0726/000942:WARNING:pe_image_reader.cc(280)] could not read dos header from C:\Windows\SYSTEM32\cfgmgr32.dll
[0726/000942:ERROR:process_reader_win.cc(232)] ReadMemory at 0x74060000 of 64 bytes failed: Only part of a ReadProcessMemory or WriteProcessMemory request was completed. (0x12B)
[0726/000942:WARNING:pe_image_reader.cc(280)] could not read dos header from C:\Windows\SYSTEM32\DEVOBJ.dll
[0726/000942:ERROR:process_reader_win.cc(232)] ReadMemory at 0x74080000 of 64 bytes failed: Only part of a ReadProcessMemory or WriteProcessMemory request was completed. (0x12B)
[0726/000942:WARNING:pe_image_reader.cc(280)] could not read dos header from C:\Windows\SYSTEM32\WINMMBASE.dll
[0726/000942:ERROR:process_reader_win.cc(232)] ReadMemory at 0x75880000 of 64 bytes failed: Only part of a ReadProcessMemory or WriteProcessMemory request was completed. (0x12B)
[0726/000942:WARNING:pe_image_reader.cc(280)] could not read dos header from C:\Windows\SYSTEM32\GDI32.dll
[0726/000942:ERROR:process_reader_win.cc(232)] ReadMemory at 0x756a0000 of 64 bytes failed: Only part of a ReadProcessMemory or WriteProcessMemory request was completed. (0x12B)
[0726/000942:WARNING:pe_image_reader.cc(280)] could not read dos header from C:\Windows\SYSTEM32\USER32.dll
[0726/000942:ERROR:process_reader_win.cc(232)] ReadMemory at 0x75550000 of 64 bytes failed: Only part of a ReadProcessMemory or WriteProcessMemory request was completed. (0x12B)
[0726/000942:WARNING:pe_image_reader.cc(280)] could not read dos header from C:\Windows\SYSTEM32\MSCTF.dll
[0726/000942:ERROR:process_reader_win.cc(232)] ReadMemory at 0x76da0000 of 64 bytes failed: Only part of a ReadProcessMemory or WriteProcessMemory request was completed. (0x12B)
[0726/000942:WARNING:pe_image_reader.cc(280)] could not read dos header from C:\Windows\system32\IMM32.DLL
[0726/000942:ERROR:process_reader_win.cc(232)] ReadMemory at 0x74120000 of 64 bytes failed: Only part of a ReadProcessMemory or WriteProcessMemory request was completed. (0x12B)
[0726/000942:WARNING:pe_image_reader.cc(280)] could not read dos header from C:\Windows\SYSTEM32\WINMM.dll
[0726/000942:ERROR:process_reader_win.cc(232)] ReadMemory at 0x74c70000 of 64 bytes failed: Only part of a ReadProcessMemory or WriteProcessMemory request was completed. (0x12B)
[0726/000942:WARNING:pe_image_reader.cc(280)] could not read dos header from C:\Windows\SYSTEM32\profapi.dll
[0726/000942:ERROR:process_reader_win.cc(232)] ReadMemory at 0x740f0000 of 64 bytes failed: Only part of a ReadProcessMemory or WriteProcessMemory request was completed. (0x12B)
[0726/000942:WARNING:pe_image_reader.cc(280)] could not read dos header from C:\Windows\SYSTEM32\USERENV.dll
[0726/000942:ERROR:process_reader_win.cc(232)] ReadMemory at 0x74b30000 of 64 bytes failed: Only part of a ReadProcessMemory or WriteProcessMemory request was completed. (0x12B)
[0726/000942:WARNING:pe_image_reader.cc(280)] could not read dos header from C:\Windows\SYSTEM32\WTSAPI32.dll
[0726/000942:ERROR:process_reader_win.cc(232)] ReadMemory at 0x775e0000 of 64 bytes failed: Only part of a ReadProcessMemory or WriteProcessMemory request was completed. (0x12B)
[0726/000942:WARNING:pe_image_reader.cc(280)] could not read dos header from C:\Windows\SYSTEM32\combase.dll
[0726/000942:ERROR:process_reader_win.cc(232)] ReadMemory at 0x748f0000 of 64 bytes failed: Only part of a ReadProcessMemory or WriteProcessMemory request was completed. (0x12B)
[0726/000942:WARNING:pe_image_reader.cc(280)] could not read dos header from C:\Windows\SYSTEM32\WINHTTP.dll
[0726/000942:ERROR:process_reader_win.cc(232)] ReadMemory at 0x75650000 of 64 bytes failed: Only part of a ReadProcessMemory or WriteProcessMemory request was completed. (0x12B)
[0726/000942:WARNING:pe_image_reader.cc(280)] could not read dos header from C:\Windows\SYSTEM32\SHLWAPI.dll
[0726/000942:ERROR:process_reader_win.cc(232)] ReadMemory at 0x75a90000 of 64 bytes failed: Only part of a ReadProcessMemory or WriteProcessMemory request was completed. (0x12B)
[0726/000942:WARNING:pe_image_reader.cc(280)] could not read dos header from C:\Windows\SYSTEM32\SHELL32.dll
[0726/000942:ERROR:process_reader_win.cc(232)] ReadMemory at 0x74e90000 of 64 bytes failed: Only part of a ReadProcessMemory or WriteProcessMemory request was completed. (0x12B)
[0726/000942:WARNING:pe_image_reader.cc(280)] could not read dos header from C:\Windows\SYSTEM32\shcore.dll
[0726/000942:ERROR:process_reader_win.cc(232)] ReadMemory at 0x75870000 of 64 bytes failed: Only part of a ReadProcessMemory or WriteProcessMemory request was completed. (0x12B)
[0726/000942:WARNING:pe_image_reader.cc(280)] could not read dos header from C:\Windows\SYSTEM32\PSAPI.DLL
[0726/000942:ERROR:process_reader_win.cc(232)] ReadMemory at 0x73590000 of 64 bytes failed: Only part of a ReadProcessMemory or WriteProcessMemory request was completed. (0x12B)
[0726/000942:WARNING:pe_image_reader.cc(280)] could not read dos header from C:\Windows\SYSTEM32\WINSPOOL.DRV
[0726/000942:ERROR:process_reader_win.cc(232)] ReadMemory at 0x74f10000 of 64 bytes failed: Only part of a ReadProcessMemory or WriteProcessMemory request was completed. (0x12B)
[0726/000942:WARNING:pe_image_reader.cc(280)] could not read dos header from C:\Windows\WinSxS\x86_microsoft.windows.common-controls_6595b64144ccf1df_6.0.9600.16384_none_a9f4965301334e09\COMCTL32.dll
[0726/000942:ERROR:process_reader_win.cc(232)] ReadMemory at 0x753a0000 of 64 bytes failed: Only part of a ReadProcessMemory or WriteProcessMemory request was completed. (0x12B)
[0726/000942:WARNING:pe_image_reader.cc(280)] could not read dos header from C:\Windows\SYSTEM32\COMDLG32.dll
[0726/000942:ERROR:process_reader_win.cc(232)] ReadMemory at 0x77230000 of 64 bytes failed: Only part of a ReadProcessMemory or WriteProcessMemory request was completed. (0x12B)
[0726/000942:WARNING:pe_image_reader.cc(280)] could not read dos header from C:\Windows\SYSTEM32\ole32.dll
[0726/000942:ERROR:process_reader_win.cc(232)] ReadMemory at 0x76e20000 of 64 bytes failed: Only part of a ReadProcessMemory or WriteProcessMemory request was completed. (0x12B)
[0726/000942:WARNING:pe_image_reader.cc(280)] could not read dos header from C:\Windows\SYSTEM32\OLEAUT32.dll
[0726/000942:ERROR:process_reader_win.cc(232)] ReadMemory at 0x76f60000 of 64 bytes failed: Only part of a ReadProcessMemory or WriteProcessMemory request was completed. (0x12B)
[0726/000942:WARNING:pe_image_reader.cc(280)] could not read dos header from C:\Windows\SYSTEM32\NSI.dll
[0726/000942:ERROR:process_reader_win.cc(232)] ReadMemory at 0x748c0000 of 64 bytes failed: Only part of a ReadProcessMemory or WriteProcessMemory request was completed. (0x12B)
[0726/000942:WARNING:pe_image_reader.cc(280)] could not read dos header from C:\Windows\SYSTEM32\WINNSI.DLL
[0726/000942:ERROR:process_reader_win.cc(232)] ReadMemory at 0x748d0000 of 64 bytes failed: Only part of a ReadProcessMemory or WriteProcessMemory request was completed. (0x12B)
[0726/000942:WARNING:pe_image_reader.cc(280)] could not read dos header from C:\Windows\SYSTEM32\IPHLPAPI.DLL
[0726/000942:ERROR:process_reader_win.cc(232)] ReadMemory at 0x76dd0000 of 64 bytes failed: Only part of a ReadProcessMemory or WriteProcessMemory request was completed. (0x12B)
[0726/000942:WARNING:pe_image_reader.cc(280)] could not read dos header from C:\Windows\SYSTEM32\WS2_32.dll
[0726/000942:ERROR:process_reader_win.cc(232)] ReadMemory at 0x74a90000 of 64 bytes failed: Only part of a ReadProcessMemory or WriteProcessMemory request was completed. (0x12B)
[0726/000942:WARNING:pe_image_reader.cc(280)] could not read dos header from C:\Windows\SYSTEM32\USP10.dll
[0726/000942:ERROR:process_reader_win.cc(232)] ReadMemory at 0x76c40000 of 64 bytes failed: Only part of a ReadProcessMemory or WriteProcessMemory request was completed. (0x12B)
[0726/000942:WARNING:pe_image_reader.cc(280)] could not read dos header from C:\Windows\SYSTEM32\MSASN1.dll
[0726/000942:ERROR:process_reader_win.cc(232)] ReadMemory at 0x77350000 of 64 bytes failed: Only part of a ReadProcessMemory or WriteProcessMemory request was completed. (0x12B)
[0726/000942:WARNING:pe_image_reader.cc(280)] could not read dos header from C:\Windows\SYSTEM32\CRYPT32.dll
[0726/000942:ERROR:process_reader_win.cc(232)] ReadMemory at 0x775a0000 of 64 bytes failed: Only part of a ReadProcessMemory or WriteProcessMemory request was completed. (0x12B)
[0726/000942:WARNING:pe_image_reader.cc(280)] could not read dos header from C:\Windows\SYSTEM32\WINTRUST.dll
[0726/000942:ERROR:process_reader_win.cc(232)] ReadMemory at 0x74160000 of 64 bytes failed: Only part of a ReadProcessMemory or WriteProcessMemory request was completed. (0x12B)
[0726/000942:WARNING:pe_image_reader.cc(280)] could not read dos header from C:\Windows\SYSTEM32\Secur32.dll
[0726/000942:ERROR:process_reader_win.cc(232)] ReadMemory at 0x70350000 of 64 bytes failed: Only part of a ReadProcessMemory or WriteProcessMemory request was completed. (0x12B)
[0726/000942:WARNING:pe_image_reader.cc(280)] could not read dos header from C:\Program Files (x86)\Google\Chrome\Application\51.0.2704.103\chrome_child.dll
[0726/000942:ERROR:process_reader_win.cc(232)] ReadMemory at 0x730c0000 of 64 bytes failed: Only part of a ReadProcessMemory or WriteProcessMemory request was completed. (0x12B)
[0726/000942:WARNING:pe_image_reader.cc(280)] could not read dos header from C:\Windows\SYSTEM32\dwrite.dll
[0726/000942:ERROR:process_reader_win.cc(98)] process 2600 not found
[0726/000942:ERROR:process_reader_win.cc(232)] ReadMemory at 0xf90000 of 64 bytes failed: Only part of a ReadProcessMemory or WriteProcessMemory request was completed. (0x12B)
[0726/000942:WARNING:pe_image_reader.cc(280)] could not read dos header from C:\Program Files (x86)\Google\Chrome\Application\chrome.exe
[0726/000942:ERROR:process_reader_win.cc(232)] ReadMemory at 0x77800000 of 64 bytes failed: Only part of a ReadProcessMemory or WriteProcessMemory request was completed. (0x12B)
[0726/000942:WARNING:pe_image_reader.cc(280)] could not read dos header from C:\Windows\SYSTEM32\ntdll.dll
[0726/000942:ERROR:process_reader_win.cc(232)] ReadMemory at 0x774d0000 of 64 bytes failed: Only part of a ReadProcessMemory or WriteProcessMemory request was completed. (0x12B)
[0726/000942:WARNING:pe_image_reader.cc(280)] could not read dos header from C:\Windows\SYSTEM32\KERNELBASE.dll
[0726/000942:ERROR:process_reader_win.cc(232)] ReadMemory at 0x76c60000 of 64 bytes failed: Only part of a ReadProcessMemory or WriteProcessMemory request was completed. (0x12B)
[0726/000942:WARNING:pe_image_reader.cc(280)] could not read dos header from C:\Windows\SYSTEM32\KERNEL32.DLL
[0726/000942:ERROR:process_reader_win.cc(232)] ReadMemory at 0x759d0000 of 64 bytes failed: Only part of a ReadProcessMemory or WriteProcessMemory request was completed. (0x12B)
[0726/000942:WARNING:pe_image_reader.cc(280)] could not read dos header from C:\Windows\SYSTEM32\msvcrt.dll
[0726/000942:ERROR:process_reader_win.cc(232)] ReadMemory at 0x751c0000 of 64 bytes failed: Only part of a ReadProcessMemory or WriteProcessMemory request was completed. (0x12B)
[0726/000942:WARNING:pe_image_reader.cc(280)] could not read dos header from C:\Windows\SYSTEM32\bcryptPrimitives.dll
[0726/000942:ERROR:process_reader_win.cc(232)] ReadMemory at 0x75220000 of 64 bytes failed: Only part of a ReadProcessMemory or WriteProcessMemory request was completed. (0x12B)
[0726/000942:WARNING:pe_image_reader.cc(280)] could not read dos header from C:\Windows\SYSTEM32\CRYPTBASE.dll
[0726/000942:ERROR:process_reader_win.cc(232)] ReadMemory at 0x75230000 of 64 bytes failed: Only part of a ReadProcessMemory or WriteProcessMemory request was completed. (0x12B)
[0726/000942:WARNING:pe_image_reader.cc(280)] could not read dos header from C:\Windows\SYSTEM32\SspiCli.dll
[0726/000942:ERROR:process_reader_win.cc(232)] ReadMemory at 0x77120000 of 64 bytes failed: Only part of a ReadProcessMemory or WriteProcessMemory request was completed. (0x12B)
[0726/000942:WARNING:pe_image_reader.cc(280)] could not read dos header from C:\Windows\SYSTEM32\RPCRT4.dll
[0726/000942:ERROR:process_reader_win.cc(232)] ReadMemory at 0x75510000 of 64 bytes failed: Only part of a ReadProcessMemory or WriteProcessMemory request was completed. (0x12B)
[0726/000942:WARNING:pe_image_reader.cc(280)] could not read dos header from C:\Windows\SYSTEM32\sechost.dll
[0726/000942:ERROR:process_reader_win.cc(232)] ReadMemory at 0x75430000 of 64 bytes failed: Only part of a ReadProcessMemory or WriteProcessMemory request was completed. (0x12B)
[0726/000942:WARNING:pe_image_reader.cc(280)] could not read dos header from C:\Windows\SYSTEM32\ADVAPI32.dll
[0726/000942:ERROR:process_reader_win.cc(232)] ReadMemory at 0x74b40000 of 64 bytes failed: Only part of a ReadProcessMemory or WriteProcessMemory request was completed. (0x12B)
[0726/000942:WARNING:pe_image_reader.cc(280)] could not read dos header from C:\Program Files (x86)\Google\Chrome\Application\51.0.2704.103\chrome_elf.dll
[0726/000942:ERROR:process_reader_win.cc(232)] ReadMemory at 0x74110000 of 64 bytes failed: Only part of a ReadProcessMemory or WriteProcessMemory request was completed. (0x12B)
[0726/000942:WARNING:pe_image_reader.cc(280)] could not read dos header from C:\Windows\SYSTEM32\VERSION.dll
[0726/000942:ERROR:process_reader_win.cc(232)] ReadMemory at 0x75990000 of 64 bytes failed: Only part of a ReadProcessMemory or WriteProcessMemory request was completed. (0x12B)
[0726/000942:WARNING:pe_image_reader.cc(280)] could not read dos header from C:\Windows\SYSTEM32\cfgmgr32.dll
[0726/000942:ERROR:process_reader_win.cc(232)] ReadMemory at 0x74060000 of 64 bytes failed: Only part of a ReadProcessMemory or WriteProcessMemory request was completed. (0x12B)
[0726/000942:WARNING:pe_image_reader.cc(280)] could not read dos header from C:\Windows\SYSTEM32\DEVOBJ.dll
[0726/000942:ERROR:process_reader_win.cc(232)] ReadMemory at 0x74080000 of 64 bytes failed: Only part of a ReadProcessMemory or WriteProcessMemory request was completed. (0x12B)
[0726/000942:WARNING:pe_image_reader.cc(280)] could not read dos header from C:\Windows\SYSTEM32\WINMMBASE.dll
[0726/000942:ERROR:process_reader_win.cc(232)] ReadMemory at 0x75880000 of 64 bytes failed: Only part of a ReadProcessMemory or WriteProcessMemory request was completed. (0x12B)
[0726/000942:WARNING:pe_image_reader.cc(280)] could not read dos header from C:\Windows\SYSTEM32\GDI32.dll
[0726/000942:ERROR:process_reader_win.cc(232)] ReadMemory at 0x756a0000 of 64 bytes failed: Only part of a ReadProcessMemory or WriteProcessMemory request was completed. (0x12B)
[0726/000942:WARNING:pe_image_reader.cc(280)] could not read dos header from C:\Windows\SYSTEM32\USER32.dll
[0726/000942:ERROR:process_reader_win.cc(232)] ReadMemory at 0x75550000 of 64 bytes failed: Only part of a ReadProcessMemory or WriteProcessMemory request was completed. (0x12B)
[0726/000942:WARNING:pe_image_reader.cc(280)] could not read dos header from C:\Windows\SYSTEM32\MSCTF.dll
[0726/000942:ERROR:process_reader_win.cc(232)] ReadMemory at 0x76da0000 of 64 bytes failed: Only part of a ReadProcessMemory or WriteProcessMemory request was completed. (0x12B)
[0726/000942:WARNING:pe_image_reader.cc(280)] could not read dos header from C:\Windows\system32\IMM32.DLL
[0726/000942:ERROR:process_reader_win.cc(232)] ReadMemory at 0x74120000 of 64 bytes failed: Only part of a ReadProcessMemory or WriteProcessMemory request was completed. (0x12B)
[0726/000942:WARNING:pe_image_reader.cc(280)] could not read dos header from C:\Windows\SYSTEM32\WINMM.dll
[0726/000942:ERROR:process_reader_win.cc(232)] ReadMemory at 0x74c70000 of 64 bytes failed: Only part of a ReadProcessMemory or WriteProcessMemory request was completed. (0x12B)
[0726/000942:WARNING:pe_image_reader.cc(280)] could not read dos header from C:\Windows\SYSTEM32\profapi.dll
[0726/000942:ERROR:process_reader_win.cc(232)] ReadMemory at 0x740f0000 of 64 bytes failed: Only part of a ReadProcessMemory or WriteProcessMemory request was completed. (0x12B)
[0726/000942:WARNING:pe_image_reader.cc(280)] could not read dos header from C:\Windows\SYSTEM32\USERENV.dll
[0726/000942:ERROR:process_reader_win.cc(232)] ReadMemory at 0x74b30000 of 64 bytes failed: Only part of a ReadProcessMemory or WriteProcessMemory request was completed. (0x12B)
[0726/000942:WARNING:pe_image_reader.cc(280)] could not read dos header from C:\Windows\SYSTEM32\WTSAPI32.dll
[0726/000942:ERROR:process_reader_win.cc(232)] ReadMemory at 0x775e0000 of 64 bytes failed: Only part of a ReadProcessMemory or WriteProcessMemory request was completed. (0x12B)
[0726/000942:WARNING:pe_image_reader.cc(280)] could not read dos header from C:\Windows\SYSTEM32\combase.dll
[0726/000942:ERROR:process_reader_win.cc(232)] ReadMemory at 0x748f0000 of 64 bytes failed: Only part of a ReadProcessMemory or WriteProcessMemory request was completed. (0x12B)
[0726/000942:WARNING:pe_image_reader.cc(280)] could not read dos header from C:\Windows\SYSTEM32\WINHTTP.dll
[0726/000942:ERROR:process_reader_win.cc(232)] ReadMemory at 0x75650000 of 64 bytes failed: Only part of a ReadProcessMemory or WriteProcessMemory request was completed. (0x12B)
[0726/000942:WARNING:pe_image_reader.cc(280)] could not read dos header from C:\Windows\SYSTEM32\SHLWAPI.dll
[0726/000942:ERROR:process_reader_win.cc(232)] ReadMemory at 0x75a90000 of 64 bytes failed: Only part of a ReadProcessMemory or WriteProcessMemory request was completed. (0x12B)
[0726/000942:WARNING:pe_image_reader.cc(280)] could not read dos header from C:\Windows\SYSTEM32\SHELL32.dll
[0726/000942:ERROR:process_reader_win.cc(232)] ReadMemory at 0x74e90000 of 64 bytes failed: Only part of a ReadProcessMemory or WriteProcessMemory request was completed. (0x12B)
[0726/000942:WARNING:pe_image_reader.cc(280)] could not read dos header from C:\Windows\SYSTEM32\shcore.dll
[0726/000942:ERROR:process_reader_win.cc(232)] ReadMemory at 0x75870000 of 64 bytes failed: Only part of a ReadProcessMemory or WriteProcessMemory request was completed. (0x12B)
[0726/000942:WARNING:pe_image_reader.cc(280)] could not read dos header from C:\Windows\SYSTEM32\PSAPI.DLL
[0726/000942:ERROR:process_reader_win.cc(232)] ReadMemory at 0x73590000 of 64 bytes failed: Only part of a ReadProcessMemory or WriteProcessMemory request was completed. (0x12B)
[0726/000942:WARNING:pe_image_reader.cc(280)] could not read dos header from C:\Windows\SYSTEM32\WINSPOOL.DRV
[0726/000942:ERROR:process_reader_win.cc(232)] ReadMemory at 0x74f10000 of 64 bytes failed: Only part of a ReadProcessMemory or WriteProcessMemory request was completed. (0x12B)
[0726/000942:WARNING:pe_image_reader.cc(280)] could not read dos header from C:\Windows\WinSxS\x86_microsoft.windows.common-controls_6595b64144ccf1df_6.0.9600.16384_none_a9f4965301334e09\COMCTL32.dll
[0726/000942:ERROR:process_reader_win.cc(232)] ReadMemory at 0x753a0000 of 64 bytes failed: Only part of a ReadProcessMemory or WriteProcessMemory request was completed. (0x12B)
[0726/000942:WARNING:pe_image_reader.cc(280)] could not read dos header from C:\Windows\SYSTEM32\COMDLG32.dll
[0726/000942:ERROR:process_reader_win.cc(232)] ReadMemory at 0x77230000 of 64 bytes failed: Only part of a ReadProcessMemory or WriteProcessMemory request was completed. (0x12B)
[0726/000942:WARNING:pe_image_reader.cc(280)] could not read dos header from C:\Windows\SYSTEM32\ole32.dll
[0726/000942:ERROR:process_reader_win.cc(232)] ReadMemory at 0x76e20000 of 64 bytes failed: Only part of a ReadProcessMemory or WriteProcessMemory request was completed. (0x12B)
[0726/000942:WARNING:pe_image_reader.cc(280)] could not read dos header from C:\Windows\SYSTEM32\OLEAUT32.dll
[0726/000942:ERROR:process_reader_win.cc(232)] ReadMemory at 0x76f60000 of 64 bytes failed: Only part of a ReadProcessMemory or WriteProcessMemory request was completed. (0x12B)
[0726/000942:WARNING:pe_image_reader.cc(280)] could not read dos header from C:\Windows\SYSTEM32\NSI.dll
[0726/000942:ERROR:process_reader_win.cc(232)] ReadMemory at 0x748c0000 of 64 bytes failed: Only part of a ReadProcessMemory or WriteProcessMemory request was completed. (0x12B)
[0726/000942:WARNING:pe_image_reader.cc(280)] could not read dos header from C:\Windows\SYSTEM32\WINNSI.DLL
[0726/000942:ERROR:process_reader_win.cc(232)] ReadMemory at 0x748d0000 of 64 bytes failed: Only part of a ReadProcessMemory or WriteProcessMemory request was completed. (0x12B)
[0726/000942:WARNING:pe_image_reader.cc(280)] could not read dos header from C:\Windows\SYSTEM32\IPHLPAPI.DLL
[0726/000942:ERROR:process_reader_win.cc(232)] ReadMemory at 0x76dd0000 of 64 bytes failed: Only part of a ReadProcessMemory or WriteProcessMemory request was completed. (0x12B)
[0726/000942:WARNING:pe_image_reader.cc(280)] could not read dos header from C:\Windows\SYSTEM32\WS2_32.dll
[0726/000942:ERROR:process_reader_win.cc(232)] ReadMemory at 0x74a90000 of 64 bytes failed: Only part of a ReadProcessMemory or WriteProcessMemory request was completed. (0x12B)
[0726/000942:WARNING:pe_image_reader.cc(280)] could not read dos header from C:\Windows\SYSTEM32\USP10.dll
[0726/000942:ERROR:process_reader_win.cc(232)] ReadMemory at 0x76c40000 of 64 bytes failed: Only part of a ReadProcessMemory or WriteProcessMemory request was completed. (0x12B)
[0726/000942:WARNING:pe_image_reader.cc(280)] could not read dos header from C:\Windows\SYSTEM32\MSASN1.dll
[0726/000942:ERROR:process_reader_win.cc(232)] ReadMemory at 0x77350000 of 64 bytes failed: Only part of a ReadProcessMemory or WriteProcessMemory request was completed. (0x12B)
[0726/000942:WARNING:pe_image_reader.cc(280)] could not read dos header from C:\Windows\SYSTEM32\CRYPT32.dll
[0726/000942:ERROR:process_reader_win.cc(232)] ReadMemory at 0x775a0000 of 64 bytes failed: Only part of a ReadProcessMemory or WriteProcessMemory request was completed. (0x12B)
[0726/000942:WARNING:pe_image_reader.cc(280)] could not read dos header from C:\Windows\SYSTEM32\WINTRUST.dll
[0726/000942:ERROR:process_reader_win.cc(232)] ReadMemory at 0x74160000 of 64 bytes failed: Only part of a ReadProcessMemory or WriteProcessMemory request was completed. (0x12B)
[0726/000942:WARNING:pe_image_reader.cc(280)] could not read dos header from C:\Windows\SYSTEM32\Secur32.dll
[0726/000942:ERROR:process_reader_win.cc(232)] ReadMemory at 0x70350000 of 64 bytes failed: Only part of a ReadProcessMemory or WriteProcessMemory request was completed. (0x12B)
[0726/000942:WARNING:pe_image_reader.cc(280)] could not read dos header from C:\Program Files (x86)\Google\Chrome\Application\51.0.2704.103\chrome_child.dll
[0726/000942:ERROR:process_reader_win.cc(232)] ReadMemory at 0x730c0000 of 64 bytes failed: Only part of a ReadProcessMemory or WriteProcessMemory request was completed. (0x12B)
[0726/000942:WARNING:pe_image_reader.cc(280)] could not read dos header from C:\Windows\SYSTEM32\dwrite.dll
[0726/000942:ERROR:process_reader_win.cc(232)] ReadMemory at 0x104c374 of 12 bytes failed: Only part of a ReadProcessMemory or WriteProcessMemory request was completed. (0x12B)
[0726/000942:WARNING:process_snapshot_win.cc(102)] ReadMemory ExceptionInformation failed
[0726/000942:WARNING:crash_report_exception_handler.cc(60)] ProcessSnapshotWin::InitializeException failed
[0726/000942:ERROR:scoped_process_suspend.cc(38)] NtResumeProcess, ntstatus=-1073741558
